<?xml version="1.0" encoding="UTF-8"?>
<Site BuildName="Win32-MSBuild"
	BuildStamp="20240125-2155-Experimental"
	Name="Eleven"
	Generator="ctest-3.27.9"
	CompilerName="C:/Program Files (x86)/Microsoft Visual Studio/2019/Community/VC/Tools/MSVC/14.27.29110/bin/Hostx86/x64/cl.exe"
	CompilerVersion="19.27.29111.0"
	OSName="Windows"
	Hostname="Eleven"
	OSRelease=" Professional"
	OSVersion=" (Build 19045)"
	OSPlatform="AMD64"
	Is64Bits="1"
	VendorString="GenuineIntel"
	VendorID="Intel Corporation"
	FamilyID="6"
	ModelID="14"
	ProcessorCacheSize="-1"
	NumberOfLogicalCPU="6"
	NumberOfPhysicalCPU="6"
	TotalVirtualMemory="63420"
	TotalPhysicalMemory="16316"
	LogicalProcessorsPerPhysical="1"
	ProcessorClockFrequency="3696"
	>
	<Testing>
		<StartDateTime>Jan 25 14:32 Pacific Standard Time</StartDateTime>
		<StartTestTime>1706221952</StartTestTime>
		<TestList/>
		<EndDateTime>Jan 25 14:32 Pacific Standard Time</EndDateTime>
		<EndTestTime>1706221952</EndTestTime>
		<ElapsedMinutes>0</ElapsedMinutes>
	</Testing>
</Site>
